

times in msec
 clock   self+sourced   self:  sourced script
 clock   elapsed:              other lines

000.005  000.005: --- NVIM STARTING ---
000.166  000.160: locale set
000.325  000.160: inits 1
000.332  000.007: window checked
002.044  001.712: parsing arguments
002.101  000.056: expanding arguments
002.113  000.012: inits 2
002.360  000.247: init highlight
002.373  000.013: init default mappings
002.374  000.001: waiting for UI
002.879  000.505: done waiting for UI
002.919  000.040: initialized screen early for UI
002.989  000.007  000.007: sourcing /usr/share/nvim/archlinux.vim
002.991  000.021  000.014: sourcing /etc/xdg//nvim/sysinit.vim
032.638  029.637  029.637: sourcing /home/worldpotato/.config/nvim/init.lua
032.653  000.076: sourcing vimrc file(s)
036.452  000.016  000.016: sourcing /usr/share/vim/vimfiles/ftdetect/meson.vim
036.489  000.028  000.028: sourcing /usr/share/vim/vimfiles/ftdetect/task.vim
036.843  000.007  000.007: sourcing /home/worldpotato/.local/share/nvim/site/pack/packer/start/coq_nvim/ftdetect/coq-snip.vim
036.862  000.012  000.012: sourcing /home/worldpotato/.local/share/nvim/site/pack/packer/start/nvim-treesitter/ftdetect/elixir.vim
036.873  000.005  000.005: sourcing /home/worldpotato/.local/share/nvim/site/pack/packer/start/nvim-treesitter/ftdetect/fennel.vim
036.891  000.011  000.011: sourcing /home/worldpotato/.local/share/nvim/site/pack/packer/start/nvim-treesitter/ftdetect/fish.vim
036.905  000.005  000.005: sourcing /home/worldpotato/.local/share/nvim/site/pack/packer/start/nvim-treesitter/ftdetect/fusion.vim
036.921  000.009  000.009: sourcing /home/worldpotato/.local/share/nvim/site/pack/packer/start/nvim-treesitter/ftdetect/gdresource.vim
036.940  000.006  000.006: sourcing /home/worldpotato/.local/share/nvim/site/pack/packer/start/nvim-treesitter/ftdetect/gdscript.vim
036.952  000.005  000.005: sourcing /home/worldpotato/.local/share/nvim/site/pack/packer/start/nvim-treesitter/ftdetect/glimmer.vim
036.976  000.016  000.016: sourcing /home/worldpotato/.local/share/nvim/site/pack/packer/start/nvim-treesitter/ftdetect/glsl.vim
036.988  000.006  000.006: sourcing /home/worldpotato/.local/share/nvim/site/pack/packer/start/nvim-treesitter/ftdetect/gomod.vim
037.004  000.009  000.009: sourcing /home/worldpotato/.local/share/nvim/site/pack/packer/start/nvim-treesitter/ftdetect/graphql.vim
037.025  000.012  000.012: sourcing /home/worldpotato/.local/share/nvim/site/pack/packer/start/nvim-treesitter/ftdetect/hcl.vim
037.037  000.006  000.006: sourcing /home/worldpotato/.local/share/nvim/site/pack/packer/start/nvim-treesitter/ftdetect/heex.vim
037.049  000.005  000.005: sourcing /home/worldpotato/.local/share/nvim/site/pack/packer/start/nvim-treesitter/ftdetect/hjson.vim
037.061  000.006  000.006: sourcing /home/worldpotato/.local/share/nvim/site/pack/packer/start/nvim-treesitter/ftdetect/json5.vim
037.072  000.005  000.005: sourcing /home/worldpotato/.local/share/nvim/site/pack/packer/start/nvim-treesitter/ftdetect/julia.vim
037.091  000.011  000.011: sourcing /home/worldpotato/.local/share/nvim/site/pack/packer/start/nvim-treesitter/ftdetect/ledger.vim
037.104  000.006  000.006: sourcing /home/worldpotato/.local/share/nvim/site/pack/packer/start/nvim-treesitter/ftdetect/nix.vim
037.116  000.006  000.006: sourcing /home/worldpotato/.local/share/nvim/site/pack/packer/start/nvim-treesitter/ftdetect/prisma.vim
037.128  000.005  000.005: sourcing /home/worldpotato/.local/share/nvim/site/pack/packer/start/nvim-treesitter/ftdetect/pug.vim
037.141  000.007  000.007: sourcing /home/worldpotato/.local/share/nvim/site/pack/packer/start/nvim-treesitter/ftdetect/ql.vim
037.161  000.013  000.013: sourcing /home/worldpotato/.local/share/nvim/site/pack/packer/start/nvim-treesitter/ftdetect/query.vim
037.174  000.005  000.005: sourcing /home/worldpotato/.local/share/nvim/site/pack/packer/start/nvim-treesitter/ftdetect/surface.vim
037.185  000.005  000.005: sourcing /home/worldpotato/.local/share/nvim/site/pack/packer/start/nvim-treesitter/ftdetect/teal.vim
037.197  000.006  000.006: sourcing /home/worldpotato/.local/share/nvim/site/pack/packer/start/nvim-treesitter/ftdetect/tlaplus.vim
037.226  000.006  000.006: sourcing /home/worldpotato/.local/share/nvim/site/pack/packer/start/nvim-treesitter/ftdetect/yang.vim
037.238  000.005  000.005: sourcing /home/worldpotato/.local/share/nvim/site/pack/packer/start/nvim-treesitter/ftdetect/zig.vim
037.249  000.005  000.005: sourcing /home/worldpotato/.local/share/nvim/site/pack/packer/start/vim-fugitive/ftdetect/fugitive.vim
037.267  000.011  000.011: sourcing /home/worldpotato/.local/share/nvim/site/pack/packer/start/vimtex/ftdetect/cls.vim
037.285  000.011  000.011: sourcing /home/worldpotato/.local/share/nvim/site/pack/packer/start/vimtex/ftdetect/tex.vim
037.305  000.008  000.008: sourcing /home/worldpotato/.local/share/nvim/site/pack/packer/start/vimtex/ftdetect/tikz.vim
037.660  004.987  004.707: sourcing /usr/share/nvim/runtime/filetype.vim
037.846  000.020  000.020: sourcing /usr/share/nvim/runtime/ftplugin.vim
038.042  000.017  000.017: sourcing /usr/share/nvim/runtime/indent.vim
038.265  000.044  000.044: sourcing /usr/share/nvim/runtime/syntax/synload.vim
038.316  000.119  000.075: sourcing /usr/share/nvim/runtime/syntax/syntax.vim
039.773  000.202  000.202: sourcing /usr/share/nvim/runtime/plugin/gzip.vim
039.788  000.007  000.007: sourcing /usr/share/nvim/runtime/plugin/health.vim
039.849  000.056  000.056: sourcing /usr/share/nvim/runtime/plugin/man.vim
040.214  000.115  000.115: sourcing /usr/share/nvim/runtime/pack/dist/opt/matchit/plugin/matchit.vim
040.259  000.403  000.288: sourcing /usr/share/nvim/runtime/plugin/matchit.vim
040.345  000.079  000.079: sourcing /usr/share/nvim/runtime/plugin/matchparen.vim
040.609  000.256  000.256: sourcing /usr/share/nvim/runtime/plugin/netrwPlugin.vim
040.931  000.117  000.117: sourcing /usr/share/nvim/runtime/autoload/remote/host.vim
041.189  000.086  000.086: sourcing /usr/share/nvim/runtime/autoload/remote/define.vim
041.505  000.806  000.603: sourcing /home/worldpotato/.local/share/nvim/rplugin.vim
041.509  000.883  000.078: sourcing /usr/share/nvim/runtime/plugin/rplugin.vim
041.594  000.071  000.071: sourcing /usr/share/nvim/runtime/plugin/shada.vim
041.621  000.013  000.013: sourcing /usr/share/nvim/runtime/plugin/spellfile.vim
041.734  000.101  000.101: sourcing /usr/share/nvim/runtime/plugin/tarPlugin.vim
041.795  000.047  000.047: sourcing /usr/share/nvim/runtime/plugin/tohtml.vim
041.816  000.009  000.009: sourcing /usr/share/nvim/runtime/plugin/tutor.vim
041.951  000.126  000.126: sourcing /usr/share/nvim/runtime/plugin/zipPlugin.vim
042.354  000.343  000.343: sourcing /usr/share/vim/vimfiles/plugin/fzf.vim
042.466  000.091  000.091: sourcing /usr/share/vim/vimfiles/plugin/redact_pass.vim
049.233  006.718  006.718: sourcing /home/worldpotato/.config/nvim/plugin/packer_compiled.lua
049.350  002.148: loading plugins
050.998  001.424  001.424: sourcing /home/worldpotato/.local/share/nvim/site/pack/packer/start/LuaSnip/plugin/luasnip.vim
052.130  001.064  001.064: sourcing /home/worldpotato/.local/share/nvim/site/pack/packer/start/chadtree/plugin/chadtree.vim
052.396  000.173  000.173: sourcing /home/worldpotato/.local/share/nvim/site/pack/packer/start/cmake4vim/plugin/cmake4vim.vim
052.467  000.004  000.004: sourcing /home/worldpotato/.local/share/nvim/site/pack/packer/start/coq.artifacts/plugin/coq.artifacts.vim
052.524  000.004  000.004: sourcing /home/worldpotato/.local/share/nvim/site/pack/packer/start/coq.thirdparty/plugin/coq_3p.vim
052.687  000.073  000.073: sourcing /home/worldpotato/.local/share/nvim/site/pack/packer/start/coq_nvim/plugin/coq.vim
052.763  000.023  000.023: sourcing /home/worldpotato/.local/share/nvim/site/pack/packer/start/formatter.nvim/plugin/formatter.vim
052.837  000.023  000.023: sourcing /home/worldpotato/.local/share/nvim/site/pack/packer/start/fzf-lua/plugin/fzf-lua.vim
052.930  000.009  000.009: sourcing /home/worldpotato/.local/share/nvim/site/pack/packer/start/i3-vim-nav/plugin/i3vimfocus.vim
053.024  000.032  000.032: sourcing /home/worldpotato/.local/share/nvim/site/pack/packer/start/lightline-buffer/plugin/lightline/buffer.vim
053.248  000.156  000.156: sourcing /home/worldpotato/.local/share/nvim/site/pack/packer/start/lightline.vim/plugin/lightline.vim
053.385  000.010  000.010: sourcing /home/worldpotato/.local/share/nvim/site/pack/packer/start/nvim-fzf/plugin/nvim_fzf.vim
053.588  000.153  000.153: sourcing /home/worldpotato/.local/share/nvim/site/pack/packer/start/nvim-lspconfig/plugin/lspconfig.vim
055.713  002.046  002.046: sourcing /home/worldpotato/.local/share/nvim/site/pack/packer/start/nvim-treesitter/plugin/nvim-treesitter.vim
056.041  000.253  000.253: sourcing /home/worldpotato/.local/share/nvim/site/pack/packer/start/nvim-treesitter-refactor/plugin/nvim-treesitter-refactor.vim
056.136  000.029  000.029: sourcing /home/worldpotato/.local/share/nvim/site/pack/packer/start/nvim-web-devicons/plugin/nvim-web-devicons.vim
056.307  000.110  000.110: sourcing /home/worldpotato/.local/share/nvim/site/pack/packer/start/playground/plugin/nvim-treesitter-playground.vim
056.398  000.031  000.031: sourcing /home/worldpotato/.local/share/nvim/site/pack/packer/start/plenary.nvim/plugin/plenary.vim
056.591  000.132  000.132: sourcing /home/worldpotato/.local/share/nvim/site/pack/packer/start/telescope.nvim/plugin/telescope.vim
057.037  000.228  000.228: sourcing /home/worldpotato/.local/share/nvim/site/pack/packer/start/vim-maktaba/autoload/maktaba/internal/plugin.vim
057.196  000.096  000.096: sourcing /home/worldpotato/.local/share/nvim/site/pack/packer/start/vim-maktaba/autoload/maktaba/path.vim
057.570  000.109  000.109: sourcing /home/worldpotato/.local/share/nvim/site/pack/packer/start/vim-maktaba/autoload/maktaba/ensure.vim
057.892  000.051  000.051: sourcing /home/worldpotato/.local/share/nvim/site/pack/packer/start/vim-maktaba/autoload/maktaba/enum.vim
058.062  000.100  000.100: sourcing /home/worldpotato/.local/share/nvim/site/pack/packer/start/vim-maktaba/autoload/maktaba/value.vim
058.311  000.516  000.365: sourcing /home/worldpotato/.local/share/nvim/site/pack/packer/start/vim-maktaba/autoload/maktaba/log.vim
058.560  000.113  000.113: sourcing /home/worldpotato/.local/share/nvim/site/pack/packer/start/vim-maktaba/autoload/maktaba/json.vim
058.632  000.024  000.024: sourcing /home/worldpotato/.local/share/nvim/site/pack/packer/start/vim-maktaba/autoload/maktaba/string.vim
059.032  000.057  000.057: sourcing /home/worldpotato/.local/share/nvim/site/pack/packer/start/vim-maktaba/autoload/maktaba/rtp.vim
060.320  000.070  000.070: sourcing /home/worldpotato/.local/share/nvim/site/pack/packer/start/vim-maktaba/autoload/maktaba/error.vim
060.582  000.019  000.019: sourcing /home/worldpotato/.local/share/nvim/site/pack/packer/start/vim-maktaba/autoload/maktaba/reflist.vim
060.642  003.884  002.654: sourcing /home/worldpotato/.local/share/nvim/site/pack/packer/start/vim-maktaba/autoload/maktaba.vim
060.680  003.963  000.079: sourcing /home/worldpotato/.local/share/nvim/site/pack/packer/start/vim-maktaba/autoload/maktaba/plugin.vim
061.627  000.047  000.047: sourcing /home/worldpotato/.local/share/nvim/site/pack/packer/start/vim-maktaba/autoload/maktaba/flags.vim
062.461  000.169  000.169: sourcing /home/worldpotato/.local/share/nvim/site/pack/packer/start/vim-maktaba/autoload/maktaba/setting.vim
062.551  005.877  001.698: sourcing /home/worldpotato/.local/share/nvim/site/pack/packer/start/vim-bazel/plugin/commands.vim
063.463  000.850  000.850: sourcing /home/worldpotato/.local/share/nvim/site/pack/packer/start/vim-fugitive/plugin/fugitive.vim
063.701  000.058  000.058: sourcing /home/worldpotato/.local/share/nvim/site/pack/packer/start/vim-test/autoload/test.vim
064.196  000.645  000.587: sourcing /home/worldpotato/.local/share/nvim/site/pack/packer/start/vim-test/plugin/test.vim
064.434  000.173  000.173: sourcing /home/worldpotato/.local/share/nvim/site/pack/packer/start/vim-tmux-navigator/plugin/tmux_navigator.vim
064.828  000.339  000.339: sourcing /home/worldpotato/.local/share/nvim/site/pack/packer/start/vim-ultest/plugin/ultest.vim
065.622  000.730  000.730: sourcing /home/worldpotato/.local/share/nvim/site/pack/packer/start/vim-wordmotion/plugin/wordmotion.vim
065.720  000.026  000.026: sourcing /home/worldpotato/.local/share/nvim/site/pack/packer/start/vimtex/plugin/vimtex.vim
065.823  002.081: loading packages
065.912  000.013  000.013: sourcing /home/worldpotato/.local/share/nvim/site/pack/packer/start/cmake4vim/after/plugin/ctrlp.vim
065.964  000.032  000.032: sourcing /home/worldpotato/.local/share/nvim/site/pack/packer/start/cmake4vim/after/plugin/fzf.vim
066.149  000.282: loading after plugins
066.173  000.024: inits 3
068.049  001.876: reading ShaDa
068.183  000.133: opening buffers
068.472  000.190  000.190: sourcing /home/worldpotato/.local/share/nvim/site/pack/packer/start/lightline.vim/autoload/lightline.vim
069.141  000.334  000.334: sourcing /home/worldpotato/.local/share/nvim/site/pack/packer/start/lightline-buffer/autoload/lightline/buffer.vim
069.981  000.028  000.028: sourcing /home/worldpotato/.local/share/nvim/site/pack/packer/start/lightline.vim/autoload/lightline/tab.vim
070.227  000.085  000.085: sourcing /home/worldpotato/.local/share/nvim/site/pack/packer/start/lightline.vim/autoload/lightline/colorscheme.vim
070.690  000.649  000.564: sourcing /home/worldpotato/.config/nvim/autoload/lightline/colorscheme/colorpotato.vim
072.630  000.048  000.048: sourcing /home/worldpotato/.local/share/nvim/site/pack/packer/start/vim-test/autoload/test/base.vim
072.694  000.019  000.019: sourcing /home/worldpotato/.local/share/nvim/site/pack/packer/start/vim-test/autoload/test/racket/rackunit.vim
072.791  000.024  000.024: sourcing /home/worldpotato/.local/share/nvim/site/pack/packer/start/vim-test/autoload/test/clojure/fireplacetest.vim
072.871  000.020  000.020: sourcing /home/worldpotato/.local/share/nvim/site/pack/packer/start/vim-test/autoload/test/elm/elmtest.vim
072.978  000.025  000.025: sourcing /home/worldpotato/.local/share/nvim/site/pack/packer/start/vim-test/autoload/test/php/codeception.vim
073.059  000.022  000.022: sourcing /home/worldpotato/.local/share/nvim/site/pack/packer/start/vim-test/autoload/test/php/dusk.vim
073.138  000.028  000.028: sourcing /home/worldpotato/.local/share/nvim/site/pack/packer/start/vim-test/autoload/test/php/pest.vim
073.221  000.033  000.033: sourcing /home/worldpotato/.local/share/nvim/site/pack/packer/start/vim-test/autoload/test/php/phpunit.vim
073.292  000.022  000.022: sourcing /home/worldpotato/.local/share/nvim/site/pack/packer/start/vim-test/autoload/test/php/behat.vim
073.363  000.018  000.018: sourcing /home/worldpotato/.local/share/nvim/site/pack/packer/start/vim-test/autoload/test/php/phpspec.vim
073.433  000.018  000.018: sourcing /home/worldpotato/.local/share/nvim/site/pack/packer/start/vim-test/autoload/test/php/kahlan.vim
073.523  000.019  000.019: sourcing /home/worldpotato/.local/share/nvim/site/pack/packer/start/vim-test/autoload/test/php/peridot.vim
073.629  000.038  000.038: sourcing /home/worldpotato/.local/share/nvim/site/pack/packer/start/vim-test/autoload/test/java/maventest.vim
073.732  000.033  000.033: sourcing /home/worldpotato/.local/share/nvim/site/pack/packer/start/vim-test/autoload/test/java/gradletest.vim
073.812  000.017  000.017: sourcing /home/worldpotato/.local/share/nvim/site/pack/packer/start/vim-test/autoload/test/viml/themis.vim
073.882  000.021  000.021: sourcing /home/worldpotato/.local/share/nvim/site/pack/packer/start/vim-test/autoload/test/viml/vspec.vim
073.967  000.024  000.024: sourcing /home/worldpotato/.local/share/nvim/site/pack/packer/start/vim-test/autoload/test/viml/vader.vim
074.042  000.017  000.017: sourcing /home/worldpotato/.local/share/nvim/site/pack/packer/start/vim-test/autoload/test/viml/testify.vim
074.108  000.019  000.019: sourcing /home/worldpotato/.local/share/nvim/site/pack/packer/start/vim-test/autoload/test/viml/vroom.vim
074.202  000.029  000.029: sourcing /home/worldpotato/.local/share/nvim/site/pack/packer/start/vim-test/autoload/test/csharp/xunit.vim
074.283  000.021  000.021: sourcing /home/worldpotato/.local/share/nvim/site/pack/packer/start/vim-test/autoload/test/csharp/dotnettest.vim
074.364  000.020  000.020: sourcing /home/worldpotato/.local/share/nvim/site/pack/packer/start/vim-test/autoload/test/scala/sbttest.vim
074.413  000.014  000.014: sourcing /home/worldpotato/.local/share/nvim/site/pack/packer/start/vim-test/autoload/test/scala.vim
074.536  000.032  000.032: sourcing /home/worldpotato/.local/share/nvim/site/pack/packer/start/vim-test/autoload/test/scala/blooptest.vim
074.623  000.022  000.022: sourcing /home/worldpotato/.local/share/nvim/site/pack/packer/start/vim-test/autoload/test/elixir/exunit.vim
074.688  000.017  000.017: sourcing /home/worldpotato/.local/share/nvim/site/pack/packer/start/vim-test/autoload/test/elixir/espec.vim
074.763  000.019  000.019: sourcing /home/worldpotato/.local/share/nvim/site/pack/packer/start/vim-test/autoload/test/perl/prove.vim
074.832  000.016  000.016: sourcing /home/worldpotato/.local/share/nvim/site/pack/packer/start/vim-test/autoload/test/mint/minttest.vim
074.937  000.039  000.039: sourcing /home/worldpotato/.local/share/nvim/site/pack/packer/start/vim-test/autoload/test/groovy/maventest.vim
075.028  000.035  000.035: sourcing /home/worldpotato/.local/share/nvim/site/pack/packer/start/vim-test/autoload/test/groovy/gradletest.vim
075.112  000.020  000.020: sourcing /home/worldpotato/.local/share/nvim/site/pack/packer/start/vim-test/autoload/test/haskell/stacktest.vim
075.158  000.011  000.011: sourcing /home/worldpotato/.local/share/nvim/site/pack/packer/start/vim-test/autoload/test/haskell.vim
075.241  000.023  000.023: sourcing /home/worldpotato/.local/share/nvim/site/pack/packer/start/vim-test/autoload/test/ruby/rails.vim
075.319  000.017  000.017: sourcing /home/worldpotato/.local/share/nvim/site/pack/packer/start/vim-test/autoload/test/ruby/m.vim
075.412  000.043  000.043: sourcing /home/worldpotato/.local/share/nvim/site/pack/packer/start/vim-test/autoload/test/ruby/minitest.vim
075.486  000.019  000.019: sourcing /home/worldpotato/.local/share/nvim/site/pack/packer/start/vim-test/autoload/test/ruby/rspec.vim
075.572  000.020  000.020: sourcing /home/worldpotato/.local/share/nvim/site/pack/packer/start/vim-test/autoload/test/ruby/cucumber.vim
075.638  000.017  000.017: sourcing /home/worldpotato/.local/share/nvim/site/pack/packer/start/vim-test/autoload/test/ruby/testbench.vim
075.720  000.025  000.025: sourcing /home/worldpotato/.local/share/nvim/site/pack/packer/start/vim-test/autoload/test/dart/darttest.vim
075.767  000.009  000.009: sourcing /home/worldpotato/.local/share/nvim/site/pack/packer/start/vim-test/autoload/test/dart.vim
075.848  000.023  000.023: sourcing /home/worldpotato/.local/share/nvim/site/pack/packer/start/vim-test/autoload/test/dart/fluttertest.vim
075.947  000.023  000.023: sourcing /home/worldpotato/.local/share/nvim/site/pack/packer/start/vim-test/autoload/test/shell/bats.vim
076.038  000.028  000.028: sourcing /home/worldpotato/.local/share/nvim/site/pack/packer/start/vim-test/autoload/test/shell/shellspec.vim
076.132  000.031  000.031: sourcing /home/worldpotato/.local/share/nvim/site/pack/packer/start/vim-test/autoload/test/swift/swiftpm.vim
076.217  000.017  000.017: sourcing /home/worldpotato/.local/share/nvim/site/pack/packer/start/vim-test/autoload/test/crystal/crystalspec.vim
076.301  000.028  000.028: sourcing /home/worldpotato/.local/share/nvim/site/pack/packer/start/vim-test/autoload/test/javascript/ava.vim
076.425  000.057  000.057: sourcing /home/worldpotato/.local/share/nvim/site/pack/packer/start/vim-test/autoload/test/javascript/cucumberjs.vim
076.534  000.056  000.056: sourcing /home/worldpotato/.local/share/nvim/site/pack/packer/start/vim-test/autoload/test/javascript/denotest.vim
076.650  000.054  000.054: sourcing /home/worldpotato/.local/share/nvim/site/pack/packer/start/vim-test/autoload/test/javascript/intern.vim
076.749  000.045  000.045: sourcing /home/worldpotato/.local/share/nvim/site/pack/packer/start/vim-test/autoload/test/javascript/tap.vim
076.847  000.042  000.042: sourcing /home/worldpotato/.local/share/nvim/site/pack/packer/start/vim-test/autoload/test/javascript/karma.vim
076.956  000.038  000.038: sourcing /home/worldpotato/.local/share/nvim/site/pack/packer/start/vim-test/autoload/test/javascript/lab.vim
077.064  000.047  000.047: sourcing /home/worldpotato/.local/share/nvim/site/pack/packer/start/vim-test/autoload/test/javascript/mocha.vim
077.153  000.033  000.033: sourcing /home/worldpotato/.local/share/nvim/site/pack/packer/start/vim-test/autoload/test/javascript/ngtest.vim
077.246  000.039  000.039: sourcing /home/worldpotato/.local/share/nvim/site/pack/packer/start/vim-test/autoload/test/javascript/jasmine.vim
077.345  000.044  000.044: sourcing /home/worldpotato/.local/share/nvim/site/pack/packer/start/vim-test/autoload/test/javascript/jest.vim
077.463  000.060  000.060: sourcing /home/worldpotato/.local/share/nvim/site/pack/packer/start/vim-test/autoload/test/javascript/reactscripts.vim
077.555  000.034  000.034: sourcing /home/worldpotato/.local/share/nvim/site/pack/packer/start/vim-test/autoload/test/javascript/webdriverio.vim
077.654  000.043  000.043: sourcing /home/worldpotato/.local/share/nvim/site/pack/packer/start/vim-test/autoload/test/javascript/cypress.vim
077.751  000.037  000.037: sourcing /home/worldpotato/.local/share/nvim/site/pack/packer/start/vim-test/autoload/test/javascript/vuetestutils.vim
077.853  000.037  000.037: sourcing /home/worldpotato/.local/share/nvim/site/pack/packer/start/vim-test/autoload/test/erlang/commontest.vim
077.958  000.043  000.043: sourcing /home/worldpotato/.local/share/nvim/site/pack/packer/start/vim-test/autoload/test/erlang/eunit.vim
078.098  000.060  000.060: sourcing /home/worldpotato/.local/share/nvim/site/pack/packer/start/vim-test/autoload/test/kotlin/gradletest.vim
078.197  000.035  000.035: sourcing /home/worldpotato/.local/share/nvim/site/pack/packer/start/vim-test/autoload/test/go/gotest.vim
078.252  000.018  000.018: sourcing /home/worldpotato/.local/share/nvim/site/pack/packer/start/vim-test/autoload/test/go.vim
078.368  000.057  000.057: sourcing /home/worldpotato/.local/share/nvim/site/pack/packer/start/vim-test/autoload/test/go/ginkgo.vim
078.523  000.068  000.068: sourcing /home/worldpotato/.local/share/nvim/site/pack/packer/start/vim-test/autoload/test/go/richgo.vim
078.632  000.047  000.047: sourcing /home/worldpotato/.local/share/nvim/site/pack/packer/start/vim-test/autoload/test/go/delve.vim
078.750  000.051  000.051: sourcing /home/worldpotato/.local/share/nvim/site/pack/packer/start/vim-test/autoload/test/lua/busted.vim
078.904  000.096  000.096: sourcing /home/worldpotato/.local/share/nvim/site/pack/packer/start/vim-test/autoload/test/rust/cargotest.vim
079.011  000.033  000.033: sourcing /home/worldpotato/.local/share/nvim/site/pack/packer/start/vim-test/autoload/test/python/behave.vim
079.137  000.058  000.058: sourcing /home/worldpotato/.local/share/nvim/site/pack/packer/start/vim-test/autoload/test/python/djangotest.vim
079.253  000.058  000.058: sourcing /home/worldpotato/.local/share/nvim/site/pack/packer/start/vim-test/autoload/test/python/pytest.vim
079.337  000.025  000.025: sourcing /home/worldpotato/.local/share/nvim/site/pack/packer/start/vim-test/autoload/test/python/pyunit.vim
079.416  000.021  000.021: sourcing /home/worldpotato/.local/share/nvim/site/pack/packer/start/vim-test/autoload/test/python/nose.vim
079.493  000.021  000.021: sourcing /home/worldpotato/.local/share/nvim/site/pack/packer/start/vim-test/autoload/test/python/nose2.vim
079.572  000.023  000.023: sourcing /home/worldpotato/.local/share/nvim/site/pack/packer/start/vim-test/autoload/test/python/mamba.vim
079.609  007.761: BufEnter autocommands
079.611  000.002: editing files in windows
079.939  000.327: VimEnter autocommands
079.942  000.003: UIEnter autocommands
080.202  000.129  000.129: sourcing /usr/share/nvim/runtime/autoload/provider/clipboard.vim
080.206  000.136: before starting main loop
084.577  004.371: first screen update
084.579  000.002: --- NVIM STARTED ---
